==============================================
  ClubConnect FSEGT — Demo InteractionService
==============================================

--- Scenario 1 : Publication de posts ---
1. Alice publie un post (frais : 0.5 DT)...
   OK : Post#1 [Hackathon FSEGT 2026] par alice | likes=0 | commentaires=0 | publie
   Solde alice apres : 9,500 DT

2. Bob publie un post...
   OK : Post#2 [Atelier Java Debutants] par bob | likes=0 | commentaires=0 | publie

3. Tentative publication (solde insuffisant)...
   ERREUR attendue -> Solde insuffisant pour publier. Frais : 0.5 DT. Solde actuel : 0.2 DT.

4. Tentative publication (compte banni)...
   ERREUR attendue -> spam est banni.

--- Scenario 2 : Commentaires ---
1. Bob commente le post de alice...
   OK
2. Carol commente...
   OK
3. Affichage des commentaires :
=== Commentaires Post#1 (2) ===
  - bob : Super initiative, je participe !
  - carol : Quelle est la date limite ?

4. Tentative commentaire (compte banni)...
   ERREUR attendue -> spam est banni et ne peut pas commenter.

5. Tentative commentaire trop long (> 280 car.)...
   ERREUR attendue -> Commentaire trop long (281/280 caracteres).

--- Scenario 3 : Likes ---
1. Bob et Carol likent le post de alice...
   Likes Post#1 : 2

2. Alice tente de liker son propre post...
   ERREUR attendue -> L'auteur ne peut pas liker son propre post.

3. Bob tente de liker deux fois...
   ERREUR attendue -> bob a deja like ce post.

4. Bob retire son like...
   Likes apres retrait : 1

--- Scenario 4 : Epinglage ---
1. Alice epingle son post...
   Post epingle : true

2. Bob tente d'epingler le post de alice...
   ERREUR attendue -> Seul l'auteur ou un admin peut epingler ce post.

3. Admin epingle le post de bob...
   Post#2 epingle par admin : true

4. Affichage posts (epingles en premier) :
=== Posts publies (2) ===
Post#1 [EPINGLE] [Hackathon FSEGT 2026] par alice | likes=1 | commentaires=2 | publie
Post#2 [EPINGLE] [Atelier Java Debutants] par bob | likes=0 | commentaires=0 | publie

--- Scenario 5 : Signalement et moderation ---
1. Bob publie un post douteux...
   OK : Post#3

2. Alice et Carol signalent le post...
   Signalements : 2 / 3

3. 3e signalement -> masquage automatique...
   Post#3 masque automatiquement (seuil 3 atteint)
   Posts restants : 3

4. Admin modere un post signale...
   Post#5 supprime par admin
   Remboursement carol : 8,000 DT (avant : 7,500 DT)

--- Scenario 6 : Tableau de bord ---
  Posts publies   : 3
  Posts epingles  : 2
  Total likes     : 1
  Revenus         : 1,500 DT

  Classement par popularite :
    Post#1 [EPINGLE] [Hackathon FSEGT 2026] par alice | likes=1 | commentaires=2 | publie
    Post#2 [EPINGLE] [Atelier Java Debutants] par bob | likes=0 | commentaires=0 | publie
    Post#4 [Post dave] par dave | likes=0 | commentaires=0 | publie

  Alertes (posts sans interaction) :
  !! Post#2 [Atelier Java Debutants] sans interaction
  !! Post#4 [Post dave] sans interaction

  Details Post#1 :
=== Details Post#1 ===
Titre        : Hackathon FSEGT 2026 [EPINGLE]
Contenu      : Rejoignez-nous le 10 mai. Prix : 500 DT !
Auteur       : alice
Statut       : Publie le 24/04/2026 05:16
Likes        : 1
Signalements : 0
Commentaires (2) :
  [0] bob : Super initiative, je participe !
  [1] carol : Quelle est la date limite ?

==============================================
  Fin demo — InteractionService V1 OK        
==============================================
